# JRE version: OpenJDK Runtime Environment (8.0_76-b03) (build 1.8.0_76-release-b03)
# Java VM: OpenJDK 64-Bit Server VM (25.76-b03 mixed mode linux-amd64 compressed oops)
Heap:
 PSYoungGen      total 64000K, used 2536K [0x000000076ab00000, 0x000000076ec00000, 0x00000007c0000000)
  eden space 61440K, 0% used [0x000000076ab00000,0x000000076ab00000,0x000000076e700000)
  from space 2560K, 99% used [0x000000076e700000,0x000000076e97a310,0x000000076e980000)
  to   space 2560K, 0% used [0x000000076e980000,0x000000076e980000,0x000000076ec00000)
 ParOldGen       total 61440K, used 41104K [0x00000006c0000000, 0x00000006c3c00000, 0x000000076ab00000)
  object space 61440K, 66% used [0x00000006c0000000,0x00000006c28241f0,0x00000006c3c00000)
 Metaspace       used 5751K, capacity 6960K, committed 7040K, reserved 1056768K
  class space    used 557K, capacity 616K, committed 640K, reserved 1048576K
GC Heap History (10 events):
Event: 0.871 GC heap after
Heap after GC invocations=1 (full 0):
 PSYoungGen      total 17920K, used 2545K [0x000000076ab00000, 0x000000076ce00000, 0x00000007c0000000)
  eden space 15360K, 0% used [0x000000076ab00000,0x000000076ab00000,0x000000076ba00000)
  from space 2560K, 99% used [0x000000076ba00000,0x000000076bc7c6f0,0x000000076bc80000)
  to   space 2560K, 0% used [0x000000076cb80000,0x000000076cb80000,0x000000076ce00000)
 ParOldGen       total 40960K, used 1776K [0x00000006c0000000, 0x00000006c2800000, 0x000000076ab00000)
  object space 40960K, 4% used [0x00000006c0000000,0x00000006c01bc0d8,0x00000006c2800000)
 Metaspace       used 5389K, capacity 6640K, committed 6784K, reserved 1056768K
  class space    used 546K, capacity 616K, committed 640K, reserved 1048576K
}
Event: 1.173 GC heap before
{Heap before GC invocations=2 (full 0):
 PSYoungGen      total 17920K, used 17905K [0x000000076ab00000, 0x000000076ce00000, 0x00000007c0000000)
  eden space 15360K, 100% used [0x000000076ab00000,0x000000076ba00000,0x000000076ba00000)
  from space 2560K, 99% used [0x000000076ba00000,0x000000076bc7c6f0,0x000000076bc80000)
  to   space 2560K, 0% used [0x000000076cb80000,0x000000076cb80000,0x000000076ce00000)
 ParOldGen       total 40960K, used 1776K [0x00000006c0000000, 0x00000006c2800000, 0x000000076ab00000)
  object space 40960K, 4% used [0x00000006c0000000,0x00000006c01bc0d8,0x00000006c2800000)
 Metaspace       used 5502K, capacity 6768K, committed 7040K, reserved 1056768K
  class space    used 549K, capacity 616K, committed 640K, reserved 1048576K
Event: 1.201 GC heap after
Heap after GC invocations=2 (full 0):
 PSYoungGen      total 33280K, used 2529K [0x000000076ab00000, 0x000000076ce00000, 0x00000007c0000000)
  eden space 30720K, 0% used [0x000000076ab00000,0x000000076ab00000,0x000000076c900000)
  from space 2560K, 98% used [0x000000076cb80000,0x000000076cdf86c0,0x000000076ce00000)
  to   space 2560K, 0% used [0x000000076c900000,0x000000076c900000,0x000000076cb80000)
 ParOldGen       total 40960K, used 4645K [0x00000006c0000000, 0x00000006c2800000, 0x000000076ab00000)
  object space 40960K, 11% used [0x00000006c0000000,0x00000006c0489548,0x00000006c2800000)
 Metaspace       used 5502K, capacity 6768K, committed 7040K, reserved 1056768K
  class space    used 549K, capacity 616K, committed 640K, reserved 1048576K
}
Event: 2.605 GC heap before
{Heap before GC invocations=3 (full 0):
 PSYoungGen      total 33280K, used 33249K [0x000000076ab00000, 0x000000076ce00000, 0x00000007c0000000)
  eden space 30720K, 100% used [0x000000076ab00000,0x000000076c900000,0x000000076c900000)
  from space 2560K, 98% used [0x000000076cb80000,0x000000076cdf86c0,0x000000076ce00000)
  to   space 2560K, 0% used [0x000000076c900000,0x000000076c900000,0x000000076cb80000)
 ParOldGen       total 40960K, used 4645K [0x00000006c0000000, 0x00000006c2800000, 0x000000076ab00000)
  object space 40960K, 11% used [0x00000006c0000000,0x00000006c0489548,0x00000006c2800000)
 Metaspace       used 5677K, capacity 6896K, committed 7040K, reserved 1056768K
  class space    used 553K, capacity 616K, committed 640K, reserved 1048576K
Event: 2.670 GC heap after
Heap after GC invocations=3 (full 0):
 PSYoungGen      total 33280K, used 2556K [0x000000076ab00000, 0x000000076ec00000, 0x00000007c0000000)
  eden space 30720K, 0% used [0x000000076ab00000,0x000000076ab00000,0x000000076c900000)
  from space 2560K, 99% used [0x000000076c900000,0x000000076cb7f1b8,0x000000076cb80000)
  to   space 2560K, 0% used [0x000000076e980000,0x000000076e980000,0x000000076ec00000)
 ParOldGen       total 40960K, used 15262K [0x00000006c0000000, 0x00000006c2800000, 0x000000076ab00000)
  object space 40960K, 37% used [0x00000006c0000000,0x00000006c0ee7b10,0x00000006c2800000)
 Metaspace       used 5677K, capacity 6896K, committed 7040K, reserved 1056768K
  class space    used 553K, capacity 616K, committed 640K, reserved 1048576K
}
Event: 2.949 GC heap before
{Heap before GC invocations=4 (full 0):
 PSYoungGen      total 33280K, used 33276K [0x000000076ab00000, 0x000000076ec00000, 0x00000007c0000000)
  eden space 30720K, 100% used [0x000000076ab00000,0x000000076c900000,0x000000076c900000)
  from space 2560K, 99% used [0x000000076c900000,0x000000076cb7f1b8,0x000000076cb80000)
  to   space 2560K, 0% used [0x000000076e980000,0x000000076e980000,0x000000076ec00000)
 ParOldGen       total 40960K, used 15262K [0x00000006c0000000, 0x00000006c2800000, 0x000000076ab00000)
  object space 40960K, 37% used [0x00000006c0000000,0x00000006c0ee7b10,0x00000006c2800000)
 Metaspace       used 5699K, capacity 6896K, committed 7040K, reserved 1056768K
  class space    used 554K, capacity 616K, committed 640K, reserved 1048576K
Event: 3.064 GC heap after
Heap after GC invocations=4 (full 0):
 PSYoungGen      total 64000K, used 2540K [0x000000076ab00000, 0x000000076ec00000, 0x00000007c0000000)
  eden space 61440K, 0% used [0x000000076ab00000,0x000000076ab00000,0x000000076e700000)
  from space 2560K, 99% used [0x000000076e980000,0x000000076ebfb1a8,0x000000076ec00000)
  to   space 2560K, 0% used [0x000000076e700000,0x000000076e700000,0x000000076e980000)
 ParOldGen       total 40960K, used 26677K [0x00000006c0000000, 0x00000006c2800000, 0x000000076ab00000)
  object space 40960K, 65% used [0x00000006c0000000,0x00000006c1a0d690,0x00000006c2800000)
 Metaspace       used 5699K, capacity 6896K, committed 7040K, reserved 1056768K
  class space    used 554K, capacity 616K, committed 640K, reserved 1048576K
}
Event: 3.064 GC heap before
{Heap before GC invocations=5 (full 1):
 PSYoungGen      total 64000K, used 2540K [0x000000076ab00000, 0x000000076ec00000, 0x00000007c0000000)
  eden space 61440K, 0% used [0x000000076ab00000,0x000000076ab00000,0x000000076e700000)
  from space 2560K, 99% used [0x000000076e980000,0x000000076ebfb1a8,0x000000076ec00000)
  to   space 2560K, 0% used [0x000000076e700000,0x000000076e700000,0x000000076e980000)
 ParOldGen       total 40960K, used 26677K [0x00000006c0000000, 0x00000006c2800000, 0x000000076ab00000)
  object space 40960K, 65% used [0x00000006c0000000,0x00000006c1a0d690,0x00000006c2800000)
 Metaspace       used 5699K, capacity 6896K, committed 7040K, reserved 1056768K
  class space    used 554K, capacity 616K, committed 640K, reserved 1048576K
Event: 3.286 GC heap after
Heap after GC invocations=5 (full 1):
 PSYoungGen      total 64000K, used 0K [0x000000076ab00000, 0x000000076ec00000, 0x00000007c0000000)
  eden space 61440K, 0% used [0x000000076ab00000,0x000000076ab00000,0x000000076e700000)
  from space 2560K, 0% used [0x000000076e980000,0x000000076e980000,0x000000076ec00000)
  to   space 2560K, 0% used [0x000000076e700000,0x000000076e700000,0x000000076e980000)
 ParOldGen       total 61440K, used 25419K [0x00000006c0000000, 0x00000006c3c00000, 0x000000076ab00000)
  object space 61440K, 41% used [0x00000006c0000000,0x00000006c18d2fb0,0x00000006c3c00000)
 Metaspace       used 5699K, capacity 6896K, committed 7040K, reserved 1056768K
  class space    used 554K, capacity 616K, committed 640K, reserved 1048576K
}
Event: 3.870 GC heap before
{Heap before GC invocations=6 (full 1):
 PSYoungGen      total 64000K, used 61440K [0x000000076ab00000, 0x000000076ec00000, 0x00000007c0000000)
  eden space 61440K, 100% used [0x000000076ab00000,0x000000076e700000,0x000000076e700000)
  from space 2560K, 0% used [0x000000076e980000,0x000000076e980000,0x000000076ec00000)
  to   space 2560K, 0% used [0x000000076e700000,0x000000076e700000,0x000000076e980000)
 ParOldGen       total 61440K, used 25419K [0x00000006c0000000, 0x00000006c3c00000, 0x000000076ab00000)
  object space 61440K, 41% used [0x00000006c0000000,0x00000006c18d2fb0,0x00000006c3c00000)
 Metaspace       used 5751K, capacity 6960K, committed 7040K, reserved 1056768K
  class space    used 557K, capacity 616K, committed 640K, reserved 1048576K

